{
  "RSpec": {
    "coverage": {
      "/home/arpit/applications/Arpit/test/tdd-practice/Arpit/asset_management/spec/controllers/devices_controller_spec.rb": [
        1,
        null,
        1,
        null,
        null,
        6,
        4,
        2,
        null,
        null,
        1,
        5,
        null,
        null,
        null,
        1,
        null,
        1,
        1,
        1,
        null,
        null,
        1,
        1,
        1,
        null,
        null,
        1,
        1,
        1,
        null,
        null,
        null,
        null,
        null,
        null,
        1,
        1,
        1,
        1,
        null,
        null,
        1,
        1,
        1,
        null,
        null,
        null
      ],
      "/home/arpit/applications/Arpit/test/tdd-practice/Arpit/asset_management/spec/rails_helper.rb": [
        null,
        1,
        1,
        1,
        1,
        1,
        1,
        null,
        null,
        null,
        null,
        null,
        null,
        null,
        null,
        null,
        null,
        null,
        null,
        null,
        null,
        null,
        null,
        null,
        null,
        null,
        1,
        null,
        1,
        1,
        1,
        null,
        1,
        1,
        null,
        null,
        null,
        1,
        1,
        1,
        null,
        null,
        null,
        1,
        28,
        null,
        null,
        1,
        28,
        null,
        null,
        null,
        null,
        null,
        null,
        1,
        null,
        null,
        null,
        null,
        null,
        null,
        null,
        null,
        null,
        null,
        null,
        null,
        null,
        null,
        1,
        null
      ],
      "/home/arpit/applications/Arpit/test/tdd-practice/Arpit/asset_management/config/environment.rb": [
        null,
        1,
        null,
        null,
        1
      ],
      "/home/arpit/applications/Arpit/test/tdd-practice/Arpit/asset_management/config/application.rb": [
        1,
        null,
        1,
        null,
        null,
        null,
        1,
        null,
        1,
        1,
        null,
        null,
        null,
        null,
        null,
        null,
        1,
        null,
        null,
        null,
        null,
        null,
        null,
        null
      ],
      "/home/arpit/applications/Arpit/test/tdd-practice/Arpit/asset_management/config/boot.rb": [
        null,
        1,
        null,
        1
      ],
      "/home/arpit/applications/Arpit/test/tdd-practice/Arpit/asset_management/config/environments/test.rb": [
        null,
        1,
        null,
        null,
        null,
        null,
        null,
        null,
        1,
        null,
        null,
        null,
        null,
        1,
        null,
        null,
        1,
        1,
        null,
        null,
        1,
        1,
        null,
        null,
        1,
        null,
        null,
        1,
        null,
        null,
        null,
        null,
        1,
        null,
        null,
        1,
        null,
        null,
        null,
        null
      ],
      "/home/arpit/applications/Arpit/test/tdd-practice/Arpit/asset_management/config/initializers/backtrace_silencers.rb": [
        null,
        null,
        null,
        null,
        null,
        null,
        null
      ],
      "/home/arpit/applications/Arpit/test/tdd-practice/Arpit/asset_management/config/initializers/constants.rb": [
        null,
        1,
        1,
        1,
        1,
        1
      ],
      "/home/arpit/applications/Arpit/test/tdd-practice/Arpit/asset_management/config/initializers/cookies_serializer.rb": [
        null,
        null,
        1
      ],
      "/home/arpit/applications/Arpit/test/tdd-practice/Arpit/asset_management/config/initializers/devise.rb": [
        null,
        null,
        1,
        null,
        null,
        null,
        null,
        null,
        null,
        null,
        null,
        null,
        null,
        1,
        1,
        null,
        null,
        null,
        null,
        null,
        null,
        null,
        1,
        null,
        null,
        null,
        null,
        null,
        null,
        null,
        null,
        null,
        null,
        null,
        null,
        null,
        null,
        null,
        null,
        null,
        null,
        null,
        null,
        null,
        1,
        null,
        null,
        null,
        null,
        1,
        null,
        null,
        null,
        null,
        null,
        null,
        null,
        null,
        null,
        null,
        null,
        null,
        null,
        null,
        null,
        null,
        null,
        null,
        null,
        null,
        null,
        null,
        null,
        null,
        null,
        null,
        null,
        null,
        null,
        null,
        1,
        null,
        null,
        null,
        null,
        null,
        null,
        null,
        null,
        null,
        null,
        null,
        null,
        null,
        null,
        null,
        null,
        1,
        null,
        null,
        null,
        null,
        null,
        null,
        null,
        null,
        null,
        null,
        null,
        null,
        null,
        null,
        null,
        null,
        null,
        null,
        null,
        null,
        null,
        null,
        null,
        null,
        1,
        null,
        null,
        null,
        null,
        null,
        null,
        null,
        null,
        null,
        null,
        null,
        null,
        null,
        null,
        null,
        null,
        null,
        1,
        null,
        null,
        null,
        null,
        null,
        null,
        null,
        null,
        null,
        null,
        null,
        null,
        null,
        null,
        null,
        null,
        null,
        null,
        null,
        null,
        null,
        null,
        null,
        null,
        null,
        null,
        null,
        null,
        null,
        null,
        null,
        null,
        null,
        null,
        null,
        null,
        null,
        null,
        null,
        null,
        null,
        null,
        null,
        null,
        null,
        null,
        null,
        null,
        1,
        null,
        null,
        null,
        null,
        null,
        null,
        null,
        null,
        null,
        null,
        null,
        null,
        null,
        null,
        null,
        null,
        null,
        null,
        null,
        null,
        null,
        null,
        null,
        null,
        null,
        null,
        null,
        null,
        null,
        null,
        null,
        null,
        null,
        null,
        null,
        null,
        null,
        1,
        null,
        null,
        null,
        null,
        null,
        1,
        null,
        null,
        null,
        null,
        null,
        null,
        null,
        null,
        null,
        null,
        null,
        null,
        null,
        null,
        null,
        null,
        null,
        null,
        null,
        null,
        null,
        null,
        null,
        null
      ],
      "/home/arpit/applications/Arpit/test/tdd-practice/Arpit/asset_management/config/initializers/extensions.rb": [
        1,
        1
      ],
      "/home/arpit/applications/Arpit/test/tdd-practice/Arpit/asset_management/lib/assets/active_record_extension.rb": [
        1,
        null,
        1,
        null,
        null,
        1,
        0,
        null,
        null,
        1,
        0,
        null,
        null,
        1,
        0,
        null,
        null,
        null,
        1,
        1,
        3,
        null,
        null,
        1,
        1,
        null,
        null,
        1,
        0,
        0,
        0,
        0,
        null,
        0,
        null,
        null,
        0,
        null,
        null,
        null,
        null,
        null,
        1
      ],
      "/home/arpit/applications/Arpit/test/tdd-practice/Arpit/asset_management/lib/assets/date_extension.rb": [
        1,
        null,
        1,
        0,
        null,
        null,
        null,
        null,
        1,
        null,
        1,
        0,
        null,
        null,
        null,
        null,
        1,
        null,
        1,
        0,
        null,
        null,
        null,
        null,
        1,
        null,
        1,
        156,
        null,
        null,
        null
      ],
      "/home/arpit/applications/Arpit/test/tdd-practice/Arpit/asset_management/config/initializers/filter_parameter_logging.rb": [
        null,
        null,
        null,
        1
      ],
      "/home/arpit/applications/Arpit/test/tdd-practice/Arpit/asset_management/config/initializers/inflections.rb": [
        null,
        null,
        null,
        null,
        null,
        null,
        null,
        null,
        null,
        null,
        null,
        null,
        null,
        null,
        null,
        null
      ],
      "/home/arpit/applications/Arpit/test/tdd-practice/Arpit/asset_management/config/initializers/mime_types.rb": [
        null,
        null,
        null,
        null
      ],
      "/home/arpit/applications/Arpit/test/tdd-practice/Arpit/asset_management/config/initializers/session_store.rb": [
        null,
        null,
        1
      ],
      "/home/arpit/applications/Arpit/test/tdd-practice/Arpit/asset_management/config/initializers/wrap_parameters.rb": [
        null,
        null,
        null,
        null,
        null,
        null,
        1,
        1,
        null,
        null,
        null,
        null,
        null,
        null
      ],
      "/home/arpit/applications/Arpit/test/tdd-practice/Arpit/asset_management/spec/factories/device.rb": [
        null,
        1,
        null,
        1,
        1,
        1,
        null,
        null,
        1,
        1,
        1,
        1,
        1,
        1,
        null,
        null,
        1,
        1,
        1,
        1,
        1,
        1,
        1,
        null,
        null,
        null
      ],
      "/home/arpit/applications/Arpit/test/tdd-practice/Arpit/asset_management/app/models/device_category.rb": [
        1,
        1,
        1,
        1,
        1,
        1,
        null,
        null,
        1,
        1,
        1,
        null,
        null,
        1,
        null,
        1,
        null,
        1,
        0,
        0,
        0,
        null,
        null,
        null,
        null
      ],
      "/home/arpit/applications/Arpit/test/tdd-practice/Arpit/asset_management/app/models/device.rb": [
        1,
        null,
        null,
        1,
        1,
        1,
        1,
        1,
        1,
        1,
        1,
        1,
        1,
        1,
        null,
        1,
        1,
        null,
        null,
        null,
        1,
        1,
        1,
        1,
        null,
        null,
        1,
        1,
        1,
        null,
        null,
        1,
        2,
        null,
        null,
        1,
        1,
        null,
        null,
        null,
        1,
        0,
        null,
        null,
        1,
        5,
        null,
        null,
        null,
        1,
        null,
        null,
        1,
        null,
        null,
        1,
        null,
        null,
        1,
        0,
        null,
        null,
        1,
        0,
        null,
        null,
        1,
        0,
        null,
        null,
        1,
        0,
        null,
        null,
        1,
        0,
        0,
        null,
        0,
        null,
        null,
        null,
        1,
        0,
        0,
        0,
        0,
        0,
        0,
        null,
        null,
        1,
        0,
        null,
        null,
        1,
        null,
        null,
        1,
        25,
        1,
        null,
        24,
        null,
        25,
        null,
        null,
        1,
        0,
        0,
        0,
        null,
        null,
        null,
        1,
        0,
        0,
        null,
        null,
        null,
        1,
        32,
        null,
        null,
        null,
        1,
        32,
        0,
        0,
        0,
        0,
        null,
        32,
        0,
        0,
        null,
        32,
        null,
        null,
        null
      ],
      "/home/arpit/applications/Arpit/test/tdd-practice/Arpit/asset_management/spec/factories/user.rb": [
        null,
        1,
        null,
        1,
        1,
        null,
        null,
        1,
        1,
        1,
        1,
        1,
        1,
        1,
        1,
        1,
        1,
        null,
        null,
        1,
        1,
        1,
        1,
        1,
        null,
        null,
        null,
        null,
        null,
        null
      ],
      "/home/arpit/applications/Arpit/test/tdd-practice/Arpit/asset_management/app/models/branch.rb": [
        1,
        null,
        null,
        1,
        1,
        1,
        1,
        null,
        null,
        1,
        1,
        null,
        1,
        1,
        0,
        0,
        0,
        null,
        null,
        null,
        null
      ],
      "/home/arpit/applications/Arpit/test/tdd-practice/Arpit/asset_management/app/models/employee.rb": [
        1,
        null,
        null,
        1,
        1,
        1,
        1,
        1,
        null,
        null,
        1,
        1,
        1,
        1,
        1,
        1,
        1,
        1,
        null,
        null,
        1,
        null,
        null,
        1,
        6,
        null,
        null,
        null,
        1,
        1,
        1,
        null,
        null,
        null,
        1,
        0,
        null,
        null,
        null,
        1,
        0,
        null,
        null,
        null,
        1,
        null,
        7,
        0,
        null,
        null,
        null,
        1,
        null,
        1,
        0,
        0,
        0,
        0,
        null,
        null,
        null,
        null
      ],
      "/home/arpit/applications/Arpit/test/tdd-practice/Arpit/asset_management/app/models/user.rb": [
        1,
        null,
        null,
        1,
        null,
        null,
        1,
        null,
        null,
        1,
        null,
        null,
        1,
        null,
        1,
        0,
        0,
        null,
        null,
        0,
        0,
        null,
        null,
        null,
        null,
        0,
        null,
        null,
        1,
        null,
        1,
        2,
        0,
        null,
        null,
        null,
        null
      ],
      "/home/arpit/applications/Arpit/test/tdd-practice/Arpit/asset_management/config/routes.rb": [
        1,
        null,
        1,
        1,
        1,
        null,
        null,
        1,
        null,
        1,
        null,
        1,
        1,
        1,
        null,
        null,
        null,
        1,
        1,
        1,
        1,
        null,
        null,
        null,
        1,
        1,
        1,
        null,
        1,
        1,
        1,
        1,
        1,
        1,
        null,
        1,
        1,
        null,
        null,
        null,
        1,
        1,
        null,
        1,
        1,
        1,
        1,
        1,
        null,
        null,
        1,
        1,
        1,
        1,
        null,
        null,
        null,
        1,
        1,
        null,
        null,
        null,
        null,
        null,
        null,
        null,
        null,
        null,
        null,
        null,
        null,
        null,
        null,
        null,
        null,
        null,
        null,
        null,
        null,
        null,
        null,
        null,
        null,
        null,
        null,
        null,
        null,
        null,
        null,
        null,
        null,
        null,
        null,
        null,
        null,
        null,
        null,
        null,
        null,
        null,
        null,
        null,
        null,
        null,
        null,
        null,
        null,
        null,
        null,
        null,
        null
      ],
      "/home/arpit/applications/Arpit/test/tdd-practice/Arpit/asset_management/app/helpers/application_helper.rb": [
        1,
        1,
        18,
        18,
        null,
        3,
        null,
        3,
        null,
        3,
        null,
        3,
        null,
        3,
        null,
        3,
        null,
        0,
        null,
        null,
        null,
        1,
        54,
        48,
        6,
        0,
        null,
        null,
        null,
        1,
        1,
        null,
        null,
        1,
        1,
        null,
        null,
        1,
        1,
        1,
        null,
        null,
        1,
        0,
        null,
        null,
        1,
        0,
        null,
        null
      ],
      "/home/arpit/applications/Arpit/test/tdd-practice/Arpit/asset_management/app/helpers/branches_helper.rb": [
        1,
        null
      ],
      "/home/arpit/applications/Arpit/test/tdd-practice/Arpit/asset_management/app/helpers/clients_helper.rb": [
        1,
        null
      ],
      "/home/arpit/applications/Arpit/test/tdd-practice/Arpit/asset_management/app/helpers/device_assignments_helper.rb": [
        1,
        null
      ],
      "/home/arpit/applications/Arpit/test/tdd-practice/Arpit/asset_management/app/helpers/device_categories_helper.rb": [
        1,
        null
      ],
      "/home/arpit/applications/Arpit/test/tdd-practice/Arpit/asset_management/app/helpers/device_requests_helper.rb": [
        1,
        null
      ],
      "/home/arpit/applications/Arpit/test/tdd-practice/Arpit/asset_management/app/helpers/devices_helper.rb": [
        1,
        null
      ],
      "/home/arpit/applications/Arpit/test/tdd-practice/Arpit/asset_management/app/helpers/employees_helper.rb": [
        1,
        null
      ],
      "/home/arpit/applications/Arpit/test/tdd-practice/Arpit/asset_management/app/helpers/invoices_helper.rb": [
        1,
        null
      ],
      "/home/arpit/applications/Arpit/test/tdd-practice/Arpit/asset_management/app/helpers/purchase_orders_helper.rb": [
        1,
        null
      ],
      "/home/arpit/applications/Arpit/test/tdd-practice/Arpit/asset_management/app/helpers/quotations_helper.rb": [
        1,
        null
      ],
      "/home/arpit/applications/Arpit/test/tdd-practice/Arpit/asset_management/app/helpers/software_products_helper.rb": [
        1,
        null
      ],
      "/home/arpit/applications/Arpit/test/tdd-practice/Arpit/asset_management/app/helpers/transfers_helper.rb": [
        1,
        null,
        1,
        0,
        null,
        null,
        null
      ],
      "/home/arpit/applications/Arpit/test/tdd-practice/Arpit/asset_management/app/helpers/user_helper.rb": [
        1,
        1,
        0,
        null,
        null,
        null,
        1,
        0,
        null,
        null,
        null,
        1,
        0,
        null,
        null,
        null,
        1,
        0,
        null,
        null,
        null
      ],
      "/home/arpit/applications/Arpit/test/tdd-practice/Arpit/asset_management/app/helpers/vendors_helper.rb": [
        1,
        null
      ],
      "/home/arpit/applications/Arpit/test/tdd-practice/Arpit/asset_management/app/helpers/welcome_helper.rb": [
        1,
        null
      ],
      "/home/arpit/applications/Arpit/test/tdd-practice/Arpit/asset_management/app/controllers/devices_controller.rb": [
        1,
        1,
        1,
        1,
        null,
        null,
        null,
        1,
        4,
        null,
        null,
        null,
        null,
        1,
        2,
        null,
        null,
        null,
        1,
        0,
        0,
        null,
        null,
        null,
        1,
        0,
        0,
        null,
        null,
        null,
        null,
        1,
        0,
        0,
        0,
        0,
        0,
        0,
        0,
        0,
        0,
        0,
        0,
        null,
        0,
        0,
        null,
        null,
        null,
        0,
        null,
        0,
        0,
        0,
        0,
        0,
        0,
        null,
        null,
        null,
        null,
        null,
        null,
        1,
        0,
        0,
        0,
        0,
        0,
        0,
        null,
        0,
        0,
        0,
        null,
        0,
        0,
        null,
        0,
        0,
        0,
        null,
        null,
        null,
        null,
        null,
        null,
        1,
        0,
        0,
        0,
        null,
        0,
        0,
        0,
        0,
        null,
        0,
        0,
        0,
        null,
        null,
        null,
        1,
        0,
        0,
        0,
        0,
        0,
        0,
        null,
        0,
        0,
        null,
        0,
        0,
        0,
        0,
        0,
        0,
        null,
        0,
        null,
        null,
        null,
        null,
        1,
        0,
        0,
        0,
        null,
        null,
        1,
        0,
        0,
        0,
        0,
        0,
        null,
        0,
        null,
        0,
        null,
        null,
        null,
        1,
        0,
        0,
        null,
        0,
        null,
        null,
        null,
        1,
        null,
        1,
        2,
        null,
        null,
        null,
        1,
        0,
        null,
        null,
        1,
        0,
        null,
        null,
        1,
        0,
        null,
        null,
        1,
        0,
        null,
        null
      ],
      "/home/arpit/applications/Arpit/test/tdd-practice/Arpit/asset_management/app/controllers/application_controller.rb": [
        1,
        null,
        null,
        1,
        null
      ],
      "/home/arpit/applications/Arpit/test/tdd-practice/Arpit/asset_management/spec/integration/device_index_spec.rb": [
        1,
        1,
        null,
        null,
        1,
        1,
        1,
        1,
        1,
        null,
        1,
        1,
        null,
        1,
        1,
        1,
        1,
        null,
        null,
        null,
        null,
        null,
        null,
        null
      ],
      "/home/arpit/applications/Arpit/test/tdd-practice/Arpit/asset_management/spec/authentication_helpers.rb": [
        1,
        1,
        1,
        1,
        1,
        1,
        null,
        1,
        1,
        1,
        null,
        null
      ],
      "/home/arpit/applications/Arpit/test/tdd-practice/Arpit/asset_management/spec/integration/login_spec.rb": [
        1,
        null,
        1,
        1,
        1,
        null,
        1,
        1,
        1,
        1,
        1,
        null,
        1,
        1,
        1,
        null,
        null
      ],
      "/home/arpit/applications/Arpit/test/tdd-practice/Arpit/asset_management/spec/models/device_spec.rb": [
        1,
        null,
        null,
        1,
        null,
        null,
        1,
        21,
        null,
        null,
        null,
        null,
        null,
        1,
        9,
        2,
        2,
        1,
        2,
        null,
        null,
        null,
        1,
        15,
        null,
        1,
        9,
        null,
        null,
        2,
        null,
        null,
        1,
        1,
        1,
        null,
        null,
        null,
        null,
        1,
        1,
        1,
        null,
        null,
        null,
        null
      ],
      "/home/arpit/applications/Arpit/test/tdd-practice/Arpit/asset_management/app/controllers/welcome_controller.rb": [
        1,
        1,
        2,
        0,
        null,
        2,
        null,
        null,
        null,
        1,
        0,
        0,
        0,
        null,
        0,
        null,
        null,
        null,
        null,
        null
      ],
      "/home/arpit/applications/Arpit/test/tdd-practice/Arpit/asset_management/app/models/invoice.rb": [
        1,
        null,
        null,
        1,
        1,
        1,
        1,
        1,
        null,
        null,
        1,
        1,
        1,
        null,
        null,
        1,
        1,
        null,
        1,
        null,
        null,
        1,
        0,
        0,
        0,
        null,
        0,
        null,
        0,
        null,
        null,
        null,
        1,
        0,
        0,
        0,
        0,
        0,
        null,
        null,
        null,
        null,
        1,
        0,
        null,
        null,
        null
      ],
      "/home/arpit/applications/Arpit/test/tdd-practice/Arpit/asset_management/app/models/vendor.rb": [
        1,
        null,
        1,
        1,
        null,
        null,
        1,
        1,
        1,
        1,
        null,
        null,
        1,
        null,
        null
      ],
      "/home/arpit/applications/Arpit/test/tdd-practice/Arpit/asset_management/app/models/client.rb": [
        1,
        null,
        null,
        1,
        null,
        null,
        1,
        1,
        1,
        null,
        1,
        null,
        1,
        0,
        0,
        0,
        null,
        null,
        null,
        null
      ],
      "/home/arpit/applications/Arpit/test/tdd-practice/Arpit/asset_management/app/models/device_assignment.rb": [
        1,
        null,
        1,
        1,
        null,
        1,
        1,
        null,
        1,
        1,
        null,
        1,
        1,
        null,
        1,
        null,
        1,
        1,
        null,
        1,
        0,
        0,
        0,
        0,
        null,
        null,
        null,
        null,
        null,
        1,
        0,
        0,
        0,
        0,
        0,
        null,
        null,
        null,
        null,
        1,
        0,
        0,
        0,
        0,
        0,
        null,
        null,
        1,
        null,
        null,
        null,
        1,
        0,
        0,
        0,
        0,
        0,
        null,
        0,
        0,
        0,
        0,
        null,
        0,
        null,
        0,
        0,
        0,
        0,
        0,
        0,
        0,
        null,
        0,
        null,
        0,
        0,
        null,
        null,
        null,
        null,
        null,
        1,
        0,
        0,
        0,
        null,
        0,
        null,
        0,
        0,
        null,
        null
      ],
      "/home/arpit/applications/Arpit/test/tdd-practice/Arpit/asset_management/app/models/transfer.rb": [
        1,
        1,
        1,
        1,
        1,
        null,
        null,
        1,
        null,
        null,
        1,
        null,
        null,
        1,
        null,
        null,
        0,
        null,
        null,
        1,
        1,
        null,
        1,
        0,
        null,
        null,
        1,
        1,
        0,
        0,
        0,
        0,
        null,
        0,
        null,
        0,
        0,
        0,
        0,
        null,
        0,
        0,
        0,
        0,
        null,
        0,
        0,
        0,
        0,
        null,
        0,
        null,
        null,
        null,
        null
      ]
    },
    "timestamp": 1432047867
  }
}
