{
  "RSpec": {
    "coverage": {
      "/home/anand/tdd-practice/Anand/TDD-Practice/config/environment.rb": [
        null,
        1,
        null,
        null,
        1
      ],
      "/home/anand/tdd-practice/Anand/TDD-Practice/config/application.rb": [
        1,
        null,
        1,
        null,
        null,
        null,
        1,
        null,
        1,
        1,
        null,
        null,
        null,
        null,
        null,
        null,
        null,
        null,
        null,
        null,
        null,
        null,
        null,
        1,
        null,
        null
      ],
      "/home/anand/tdd-practice/Anand/TDD-Practice/config/boot.rb": [
        1,
        null,
        1
      ],
      "/home/anand/tdd-practice/Anand/TDD-Practice/config/environments/test.rb": [
        1,
        null,
        null,
        null,
        null,
        null,
        null,
        1,
        null,
        null,
        null,
        null,
        1,
        null,
        null,
        1,
        1,
        null,
        null,
        1,
        1,
        null,
        null,
        1,
        null,
        null,
        1,
        null,
        null,
        null,
        null,
        1,
        null,
        null,
        1,
        null,
        null,
        1,
        null,
        null,
        null,
        null
      ],
      "/home/anand/tdd-practice/Anand/TDD-Practice/config/initializers/assets.rb": [
        null,
        null,
        null,
        1,
        null,
        null,
        null,
        null,
        null,
        null,
        null
      ],
      "/home/anand/tdd-practice/Anand/TDD-Practice/config/initializers/backtrace_silencers.rb": [
        null,
        null,
        null,
        null,
        null,
        null,
        null
      ],
      "/home/anand/tdd-practice/Anand/TDD-Practice/config/initializers/cookies_serializer.rb": [
        null,
        null,
        1
      ],
      "/home/anand/tdd-practice/Anand/TDD-Practice/config/initializers/filter_parameter_logging.rb": [
        null,
        null,
        null,
        1
      ],
      "/home/anand/tdd-practice/Anand/TDD-Practice/config/initializers/inflections.rb": [
        null,
        null,
        null,
        null,
        null,
        null,
        null,
        null,
        null,
        null,
        null,
        null,
        null,
        null,
        null,
        null
      ],
      "/home/anand/tdd-practice/Anand/TDD-Practice/config/initializers/mime_types.rb": [
        null,
        null,
        null,
        null
      ],
      "/home/anand/tdd-practice/Anand/TDD-Practice/config/initializers/session_store.rb": [
        null,
        null,
        1
      ],
      "/home/anand/tdd-practice/Anand/TDD-Practice/config/initializers/wrap_parameters.rb": [
        null,
        null,
        null,
        null,
        null,
        null,
        1,
        1,
        null,
        null,
        null,
        null,
        null,
        null
      ],
      "/home/anand/tdd-practice/Anand/TDD-Practice/spec/factories/posts.rb": [
        1,
        1,
        1,
        1,
        null,
        null,
        null
      ],
      "/home/anand/tdd-practice/Anand/TDD-Practice/spec/factories/users.rb": [
        1,
        1,
        1,
        1,
        1,
        1,
        1,
        null,
        null
      ],
      "/home/anand/tdd-practice/Anand/TDD-Practice/config/routes.rb": [
        1,
        1,
        1,
        null,
        null,
        null,
        null,
        null,
        null,
        null,
        null,
        null,
        null,
        null,
        null,
        null,
        null,
        null,
        null,
        null,
        null,
        null,
        null,
        null,
        null,
        null,
        null,
        null,
        null,
        null,
        null,
        null,
        null,
        null,
        null,
        null,
        null,
        null,
        null,
        null,
        null,
        null,
        null,
        null,
        null,
        null,
        null,
        null,
        null,
        null,
        null,
        null,
        null,
        null,
        null,
        null,
        null
      ],
      "/home/anand/tdd-practice/Anand/TDD-Practice/app/helpers/application_helper.rb": [
        1,
        null
      ],
      "/home/anand/tdd-practice/Anand/TDD-Practice/app/helpers/users_helper.rb": [
        1,
        null
      ],
      "/home/anand/tdd-practice/Anand/TDD-Practice/spec/models/post_spec.rb": [
        1,
        null,
        1,
        1,
        null,
        2,
        2,
        2,
        2,
        2,
        2,
        null,
        1,
        1,
        1,
        1,
        1,
        null,
        null,
        null,
        1,
        1,
        1,
        1,
        null,
        null,
        null,
        null
      ],
      "/home/anand/tdd-practice/Anand/TDD-Practice/app/models/post.rb": [
        1,
        null,
        1,
        null,
        null,
        1,
        1,
        null
      ],
      "/home/anand/tdd-practice/Anand/TDD-Practice/spec/models/user_spec.rb": [
        1,
        null,
        1,
        null,
        2,
        null,
        1,
        8,
        null,
        null,
        2,
        2,
        2,
        2,
        2,
        2,
        null,
        null,
        null,
        1,
        null,
        16,
        null,
        null,
        null,
        1,
        null,
        12,
        null,
        null,
        1,
        1,
        2,
        1,
        1,
        null,
        null,
        null,
        null,
        null
      ],
      "/home/anand/tdd-practice/Anand/TDD-Practice/app/models/user.rb": [
        1,
        null,
        1,
        null,
        null,
        1,
        1,
        1,
        null,
        1,
        1,
        null,
        null,
        null,
        3,
        null,
        null
      ],
      "/home/anand/tdd-practice/Anand/TDD-Practice/spec/requests/users_spec.rb": [
        1,
        null,
        1,
        1,
        1,
        null,
        1,
        1,
        null,
        null,
        null
      ],
      "/home/anand/tdd-practice/Anand/TDD-Practice/spec/routing/users_routing_spec.rb": [
        1,
        null,
        1,
        1,
        null,
        1,
        1,
        null,
        null,
        1,
        1,
        null,
        null,
        1,
        1,
        null,
        null,
        1,
        1,
        null,
        null,
        1,
        1,
        null,
        null,
        1,
        1,
        null,
        null,
        1,
        1,
        null,
        null,
        null,
        null
      ],
      "/home/anand/tdd-practice/Anand/TDD-Practice/app/controllers/users_controller.rb": [
        1,
        1,
        null,
        null,
        null,
        1,
        1,
        null,
        null,
        null,
        null,
        1,
        null,
        null,
        null,
        1,
        0,
        null,
        null,
        null,
        1,
        null,
        null,
        null,
        null,
        1,
        0,
        null,
        0,
        0,
        0,
        0,
        null,
        0,
        0,
        null,
        null,
        null,
        null,
        null,
        null,
        1,
        0,
        0,
        0,
        0,
        null,
        0,
        0,
        null,
        null,
        null,
        null,
        null,
        null,
        1,
        0,
        0,
        0,
        0,
        null,
        null,
        null,
        1,
        null,
        1,
        0,
        null,
        null,
        null,
        1,
        0,
        null,
        null
      ],
      "/home/anand/tdd-practice/Anand/TDD-Practice/app/controllers/application_controller.rb": [
        1,
        null,
        null,
        1,
        null
      ],
      "/home/anand/tdd-practice/Anand/TDD-Practice/spec/views/users/edit.html.erb_spec.rb": [
        1,
        null,
        1,
        1,
        1,
        null,
        null,
        null,
        null,
        null,
        1,
        1,
        null,
        null,
        1,
        1,
        1,
        null,
        null,
        null
      ],
      "/home/anand/tdd-practice/Anand/TDD-Practice/spec/views/users/index.html.erb_spec.rb": [
        1,
        null,
        1,
        1,
        1,
        null,
        null,
        null,
        null,
        null,
        null,
        null,
        null,
        null,
        null,
        null,
        1,
        1,
        null,
        1,
        1,
        null,
        null
      ],
      "/home/anand/tdd-practice/Anand/TDD-Practice/spec/views/users/new.html.erb_spec.rb": [
        1,
        null,
        1,
        1,
        1,
        null,
        null,
        null,
        null,
        null,
        1,
        1,
        null,
        null,
        1,
        1,
        1,
        null,
        null,
        null
      ],
      "/home/anand/tdd-practice/Anand/TDD-Practice/spec/views/users/show.html.erb_spec.rb": [
        1,
        null,
        1,
        1,
        1,
        null,
        null,
        null,
        null,
        null,
        1,
        1,
        null,
        1,
        1,
        null,
        null
      ]
    },
    "timestamp": 1430906676
  }
}
