{
  "RSpec": {
    "coverage": {
      "/home/ambesh/Documents/Sites/tdd-practice/Ambesh/TDDApplication/config/environment.rb": [
        null,
        1,
        null,
        null,
        1
      ],
      "/home/ambesh/Documents/Sites/tdd-practice/Ambesh/TDDApplication/config/application.rb": [
        1,
        null,
        1,
        null,
        null,
        null,
        1,
        null,
        1,
        1,
        null,
        null,
        null,
        null,
        null,
        null,
        null,
        null,
        null,
        null,
        null,
        null,
        null,
        1,
        null,
        null
      ],
      "/home/ambesh/Documents/Sites/tdd-practice/Ambesh/TDDApplication/config/boot.rb": [
        1,
        null,
        1
      ],
      "/home/ambesh/Documents/Sites/tdd-practice/Ambesh/TDDApplication/config/environments/test.rb": [
        1,
        null,
        null,
        null,
        null,
        null,
        null,
        1,
        null,
        null,
        null,
        null,
        1,
        null,
        null,
        1,
        1,
        null,
        null,
        1,
        1,
        null,
        null,
        1,
        null,
        null,
        1,
        null,
        null,
        null,
        null,
        1,
        null,
        null,
        1,
        null,
        null,
        1,
        null,
        null,
        null,
        null
      ],
      "/home/ambesh/Documents/Sites/tdd-practice/Ambesh/TDDApplication/config/initializers/assets.rb": [
        null,
        null,
        null,
        1,
        null,
        null,
        null,
        null,
        null,
        null,
        null
      ],
      "/home/ambesh/Documents/Sites/tdd-practice/Ambesh/TDDApplication/config/initializers/backtrace_silencers.rb": [
        null,
        null,
        null,
        null,
        null,
        null,
        null
      ],
      "/home/ambesh/Documents/Sites/tdd-practice/Ambesh/TDDApplication/config/initializers/cookies_serializer.rb": [
        null,
        null,
        1
      ],
      "/home/ambesh/Documents/Sites/tdd-practice/Ambesh/TDDApplication/config/initializers/devise.rb": [
        null,
        null,
        1,
        null,
        null,
        null,
        null,
        null,
        null,
        null,
        null,
        null,
        1,
        null,
        null,
        null,
        null,
        null,
        null,
        null,
        null,
        1,
        null,
        null,
        null,
        null,
        null,
        null,
        null,
        null,
        null,
        null,
        null,
        null,
        null,
        null,
        null,
        null,
        null,
        null,
        null,
        null,
        null,
        1,
        null,
        null,
        null,
        null,
        1,
        null,
        null,
        null,
        null,
        null,
        null,
        null,
        null,
        null,
        null,
        null,
        null,
        null,
        null,
        null,
        null,
        null,
        null,
        null,
        null,
        null,
        null,
        null,
        null,
        null,
        null,
        null,
        null,
        null,
        null,
        1,
        null,
        null,
        null,
        null,
        null,
        null,
        null,
        null,
        null,
        null,
        null,
        null,
        null,
        null,
        null,
        null,
        1,
        null,
        null,
        null,
        null,
        null,
        null,
        null,
        null,
        null,
        null,
        null,
        null,
        null,
        null,
        null,
        null,
        null,
        null,
        null,
        null,
        null,
        null,
        null,
        null,
        1,
        null,
        null,
        null,
        null,
        null,
        null,
        null,
        null,
        null,
        1,
        null,
        null,
        null,
        null,
        null,
        null,
        null,
        null,
        null,
        null,
        1,
        null,
        null,
        null,
        null,
        null,
        null,
        null,
        null,
        null,
        null,
        null,
        null,
        null,
        null,
        null,
        null,
        null,
        null,
        null,
        null,
        null,
        null,
        null,
        null,
        null,
        null,
        null,
        null,
        null,
        null,
        null,
        null,
        null,
        null,
        null,
        null,
        null,
        null,
        null,
        null,
        null,
        null,
        null,
        null,
        null,
        null,
        null,
        null,
        1,
        null,
        null,
        null,
        null,
        null,
        null,
        null,
        null,
        null,
        null,
        null,
        null,
        null,
        null,
        null,
        null,
        null,
        null,
        null,
        null,
        null,
        null,
        null,
        null,
        null,
        null,
        null,
        null,
        null,
        null,
        null,
        null,
        null,
        null,
        null,
        null,
        null,
        1,
        null,
        null,
        null,
        null,
        null,
        null,
        null,
        null,
        null,
        null,
        null,
        null,
        null,
        null,
        null,
        null,
        null,
        null,
        null,
        null,
        null,
        null,
        null,
        null,
        null,
        null,
        null,
        null,
        null
      ],
      "/home/ambesh/Documents/Sites/tdd-practice/Ambesh/TDDApplication/config/initializers/filter_parameter_logging.rb": [
        null,
        null,
        null,
        1
      ],
      "/home/ambesh/Documents/Sites/tdd-practice/Ambesh/TDDApplication/config/initializers/inflections.rb": [
        null,
        null,
        null,
        null,
        null,
        null,
        null,
        null,
        null,
        null,
        null,
        null,
        null,
        null,
        null,
        null
      ],
      "/home/ambesh/Documents/Sites/tdd-practice/Ambesh/TDDApplication/config/initializers/mime_types.rb": [
        null,
        null,
        null,
        null
      ],
      "/home/ambesh/Documents/Sites/tdd-practice/Ambesh/TDDApplication/config/initializers/session_store.rb": [
        null,
        null,
        1
      ],
      "/home/ambesh/Documents/Sites/tdd-practice/Ambesh/TDDApplication/config/initializers/wrap_parameters.rb": [
        null,
        null,
        null,
        null,
        null,
        null,
        1,
        1,
        null,
        null,
        null,
        null,
        null,
        null
      ],
      "/home/ambesh/Documents/Sites/tdd-practice/Ambesh/TDDApplication/spec/factories/posts.rb": [
        1,
        1,
        1,
        1,
        1,
        null,
        1,
        1,
        1,
        null,
        null
      ],
      "/home/ambesh/Documents/Sites/tdd-practice/Ambesh/TDDApplication/app/models/post.rb": [
        1,
        1,
        1,
        null,
        1,
        null
      ],
      "/home/ambesh/Documents/Sites/tdd-practice/Ambesh/TDDApplication/spec/factories/users.rb": [
        1,
        1,
        1,
        1,
        1,
        1,
        1,
        null,
        null
      ],
      "/home/ambesh/Documents/Sites/tdd-practice/Ambesh/TDDApplication/config/routes.rb": [
        1,
        1,
        1,
        1,
        null
      ],
      "/home/ambesh/Documents/Sites/tdd-practice/Ambesh/TDDApplication/app/models/user.rb": [
        1,
        null,
        null,
        1,
        null,
        null,
        1,
        null,
        1,
        null
      ],
      "/home/ambesh/Documents/Sites/tdd-practice/Ambesh/TDDApplication/app/helpers/application_helper.rb": [
        1,
        null
      ],
      "/home/ambesh/Documents/Sites/tdd-practice/Ambesh/TDDApplication/app/helpers/posts_helper.rb": [
        1,
        null
      ],
      "/home/ambesh/Documents/Sites/tdd-practice/Ambesh/TDDApplication/app/controllers/application_controller.rb": [
        1,
        null,
        null,
        1,
        null
      ]
    },
    "timestamp": 1432126414
  }
}
